# JRE version: OpenJDK Runtime Environment Temurin-17.0.2+8 (17.0.2+8) (build 17.0.2+8)
# Java VM: OpenJDK 64-Bit Server VM Temurin-17.0.2+8 (17.0.2+8, mixed mode, tiered, compressed oops, compressed class ptrs, parallel gc, linux-amd64)
GC Precious Log:
 CPUs: 2 total, 2 available
 Memory: 3707M
 Large Page Support: Disabled
 NUMA Support: Disabled
 Compressed Oops: Enabled (Zero based)
 Alignments: Space 512K, Generation 512K, Heap 2M
 Heap Min Capacity: 100M
 Heap Initial Capacity: 100M
 Heap Max Capacity: 8G
 Pre-touch: Disabled
 Parallel Workers: 2
Heap:
 PSYoungGen      total 8704K, used 2941K [0x0000000755580000, 0x0000000756400000, 0x0000000800000000)
  eden space 7168K, 22% used [0x0000000755580000,0x0000000755717600,0x0000000755c80000)
  from space 1536K, 85% used [0x0000000755c80000,0x0000000755dc8000,0x0000000755e00000)
  to   space 3072K, 0% used [0x0000000756100000,0x0000000756100000,0x0000000756400000)
 ParOldGen       total 502784K, used 436310K [0x0000000600000000, 0x000000061eb00000, 0x0000000755580000)
  object space 502784K, 86% used [0x0000000600000000,0x000000061aa15830,0x000000061eb00000)
 Metaspace       used 100687K, committed 101824K, reserved 1146880K
  class space    used 10999K, committed 11584K, reserved 1048576K
GC Heap History (20 events):
Event: 3353.119 GC heap before
{Heap before GC invocations=2161 (full 52):
 PSYoungGen      total 12800K, used 10832K [0x0000000755580000, 0x0000000756680000, 0x0000000800000000)
  eden space 10240K, 100% used [0x0000000755580000,0x0000000755f80000,0x0000000755f80000)
  from space 2560K, 23% used [0x0000000756180000,0x0000000756214010,0x0000000756400000)
  to   space 1024K, 0% used [0x0000000756580000,0x0000000756580000,0x0000000756680000)
 ParOldGen       total 503808K, used 473715K [0x0000000600000000, 0x000000061ec00000, 0x0000000755580000)
  object space 503808K, 94% used [0x0000000600000000,0x000000061ce9cf38,0x000000061ec00000)
 Metaspace       used 100475K, committed 101632K, reserved 1146880K
  class space    used 10973K, committed 11584K, reserved 1048576K
}
Event: 3353.122 GC heap after
{Heap after GC invocations=2161 (full 52):
 PSYoungGen      total 10752K, used 400K [0x0000000755580000, 0x0000000756600000, 0x0000000800000000)
  eden space 10240K, 0% used [0x0000000755580000,0x0000000755580000,0x0000000755f80000)
  from space 512K, 78% used [0x0000000756580000,0x00000007565e4010,0x0000000756600000)
  to   space 512K, 0% used [0x0000000756500000,0x0000000756500000,0x0000000756580000)
 ParOldGen       total 503808K, used 474246K [0x0000000600000000, 0x000000061ec00000, 0x0000000755580000)
  object space 503808K, 94% used [0x0000000600000000,0x000000061cf21858,0x000000061ec00000)
 Metaspace       used 100475K, committed 101632K, reserved 1146880K
  class space    used 10973K, committed 11584K, reserved 1048576K
}
Event: 3353.380 GC heap before
{Heap before GC invocations=2162 (full 52):
 PSYoungGen      total 10752K, used 10640K [0x0000000755580000, 0x0000000756600000, 0x0000000800000000)
  eden space 10240K, 100% used [0x0000000755580000,0x0000000755f80000,0x0000000755f80000)
  from space 512K, 78% used [0x0000000756580000,0x00000007565e4010,0x0000000756600000)
  to   space 512K, 0% used [0x0000000756500000,0x0000000756500000,0x0000000756580000)
 ParOldGen       total 503808K, used 474246K [0x0000000600000000, 0x000000061ec00000, 0x0000000755580000)
  object space 503808K, 94% used [0x0000000600000000,0x000000061cf21858,0x000000061ec00000)
 Metaspace       used 100480K, committed 101696K, reserved 1146880K
  class space    used 10973K, committed 11584K, reserved 1048576K
}
Event: 3353.387 GC heap after
{Heap after GC invocations=2162 (full 52):
 PSYoungGen      total 10752K, used 512K [0x0000000755580000, 0x0000000756880000, 0x0000000800000000)
  eden space 10240K, 0% used [0x0000000755580000,0x0000000755580000,0x0000000755f80000)
  from space 512K, 100% used [0x0000000756500000,0x0000000756580000,0x0000000756580000)
  to   space 3072K, 0% used [0x0000000756580000,0x0000000756580000,0x0000000756880000)
 ParOldGen       total 503808K, used 477637K [0x0000000600000000, 0x000000061ec00000, 0x0000000755580000)
  object space 503808K, 94% used [0x0000000600000000,0x000000061d2715a8,0x000000061ec00000)
 Metaspace       used 100480K, committed 101696K, reserved 1146880K
  class space    used 10973K, committed 11584K, reserved 1048576K
}
Event: 3353.416 GC heap before
{Heap before GC invocations=2163 (full 52):
 PSYoungGen      total 10752K, used 10752K [0x0000000755580000, 0x0000000756880000, 0x0000000800000000)
  eden space 10240K, 100% used [0x0000000755580000,0x0000000755f80000,0x0000000755f80000)
  from space 512K, 100% used [0x0000000756500000,0x0000000756580000,0x0000000756580000)
  to   space 3072K, 0% used [0x0000000756580000,0x0000000756580000,0x0000000756880000)
 ParOldGen       total 503808K, used 477637K [0x0000000600000000, 0x000000061ec00000, 0x0000000755580000)
  object space 503808K, 94% used [0x0000000600000000,0x000000061d2715a8,0x000000061ec00000)
 Metaspace       used 100480K, committed 101696K, reserved 1146880K
  class space    used 10973K, committed 11584K, reserved 1048576K
}
Event: 3353.435 GC heap after
{Heap after GC invocations=2163 (full 52):
 PSYoungGen      total 7680K, used 3072K [0x0000000755580000, 0x0000000757680000, 0x0000000800000000)
  eden space 4608K, 0% used [0x0000000755580000,0x0000000755580000,0x0000000755a00000)
  from space 3072K, 100% used [0x0000000756580000,0x0000000756880000,0x0000000756880000)
  to   space 11776K, 0% used [0x0000000755a00000,0x0000000755a00000,0x0000000756580000)
 ParOldGen       total 503808K, used 485042K [0x0000000600000000, 0x000000061ec00000, 0x0000000755580000)
  object space 503808K, 96% used [0x0000000600000000,0x000000061d9ac9a8,0x000000061ec00000)
 Metaspace       used 100480K, committed 101696K, reserved 1146880K
  class space    used 10973K, committed 11584K, reserved 1048576K
}
Event: 3353.456 GC heap before
{Heap before GC invocations=2164 (full 52):
 PSYoungGen      total 7680K, used 6919K [0x0000000755580000, 0x0000000757680000, 0x0000000800000000)
  eden space 4608K, 83% used [0x0000000755580000,0x0000000755941f58,0x0000000755a00000)
  from space 3072K, 100% used [0x0000000756580000,0x0000000756880000,0x0000000756880000)
  to   space 11776K, 0% used [0x0000000755a00000,0x0000000755a00000,0x0000000756580000)
 ParOldGen       total 503808K, used 485042K [0x0000000600000000, 0x000000061ec00000, 0x0000000755580000)
  object space 503808K, 96% used [0x0000000600000000,0x000000061d9ac9a8,0x000000061ec00000)
 Metaspace       used 100480K, committed 101696K, reserved 1146880K
  class space    used 10973K, committed 11584K, reserved 1048576K
}
Event: 3353.466 GC heap after
{Heap after GC invocations=2164 (full 52):
 PSYoungGen      total 8192K, used 3336K [0x0000000755580000, 0x0000000756700000, 0x0000000800000000)
  eden space 4608K, 0% used [0x0000000755580000,0x0000000755580000,0x0000000755a00000)
  from space 3584K, 93% used [0x0000000755a00000,0x0000000755d42000,0x0000000755d80000)
  to   space 6144K, 0% used [0x0000000756100000,0x0000000756100000,0x0000000756700000)
 ParOldGen       total 503808K, used 488146K [0x0000000600000000, 0x000000061ec00000, 0x0000000755580000)
  object space 503808K, 96% used [0x0000000600000000,0x000000061dcb49a8,0x000000061ec00000)
 Metaspace       used 100480K, committed 101696K, reserved 1146880K
  class space    used 10973K, committed 11584K, reserved 1048576K
}
Event: 3353.525 GC heap before
{Heap before GC invocations=2165 (full 52):
 PSYoungGen      total 8192K, used 7944K [0x0000000755580000, 0x0000000756700000, 0x0000000800000000)
  eden space 4608K, 100% used [0x0000000755580000,0x0000000755a00000,0x0000000755a00000)
  from space 3584K, 93% used [0x0000000755a00000,0x0000000755d42000,0x0000000755d80000)
  to   space 6144K, 0% used [0x0000000756100000,0x0000000756100000,0x0000000756700000)
 ParOldGen       total 503808K, used 488146K [0x0000000600000000, 0x000000061ec00000, 0x0000000755580000)
  object space 503808K, 96% used [0x0000000600000000,0x000000061dcb49a8,0x000000061ec00000)
 Metaspace       used 100480K, committed 101696K, reserved 1146880K
  class space    used 10973K, committed 11584K, reserved 1048576K
}
Event: 3353.534 GC heap after
{Heap after GC invocations=2165 (full 52):
 PSYoungGen      total 9728K, used 4634K [0x0000000755580000, 0x0000000756600000, 0x0000000800000000)
  eden space 4608K, 0% used [0x0000000755580000,0x0000000755580000,0x0000000755a00000)
  from space 5120K, 90% used [0x0000000756100000,0x0000000756586be0,0x0000000756600000)
  to   space 5120K, 0% used [0x0000000755c00000,0x0000000755c00000,0x0000000756100000)
 ParOldGen       total 503808K, used 490486K [0x0000000600000000, 0x000000061ec00000, 0x0000000755580000)
  object space 503808K, 97% used [0x0000000600000000,0x000000061defd9a8,0x000000061ec00000)
 Metaspace       used 100480K, committed 101696K, reserved 1146880K
  class space    used 10973K, committed 11584K, reserved 1048576K
}
Event: 3353.549 GC heap before
{Heap before GC invocations=2166 (full 52):
 PSYoungGen      total 9728K, used 9242K [0x0000000755580000, 0x0000000756600000, 0x0000000800000000)
  eden space 4608K, 100% used [0x0000000755580000,0x0000000755a00000,0x0000000755a00000)
  from space 5120K, 90% used [0x0000000756100000,0x0000000756586be0,0x0000000756600000)
  to   space 5120K, 0% used [0x0000000755c00000,0x0000000755c00000,0x0000000756100000)
 ParOldGen       total 503808K, used 490486K [0x0000000600000000, 0x000000061ec00000, 0x0000000755580000)
  object space 503808K, 97% used [0x0000000600000000,0x000000061defd9a8,0x000000061ec00000)
 Metaspace       used 100480K, committed 101696K, reserved 1146880K
  class space    used 10973K, committed 11584K, reserved 1048576K
}
Event: 3353.563 GC heap after
{Heap after GC invocations=2166 (full 52):
 PSYoungGen      total 10240K, used 4176K [0x0000000755580000, 0x0000000756400000, 0x0000000800000000)
  eden space 5632K, 0% used [0x0000000755580000,0x0000000755580000,0x0000000755b00000)
  from space 4608K, 90% used [0x0000000755c00000,0x0000000756014000,0x0000000756080000)
  to   space 3584K, 0% used [0x0000000756080000,0x0000000756080000,0x0000000756400000)
 ParOldGen       total 503808K, used 495097K [0x0000000600000000, 0x000000061ec00000, 0x0000000755580000)
  object space 503808K, 98% used [0x0000000600000000,0x000000061e37e588,0x000000061ec00000)
 Metaspace       used 100480K, committed 101696K, reserved 1146880K
  class space    used 10973K, committed 11584K, reserved 1048576K
}
Event: 3353.716 GC heap before
{Heap before GC invocations=2167 (full 52):
 PSYoungGen      total 10240K, used 9808K [0x0000000755580000, 0x0000000756400000, 0x0000000800000000)
  eden space 5632K, 100% used [0x0000000755580000,0x0000000755b00000,0x0000000755b00000)
  from space 4608K, 90% used [0x0000000755c00000,0x0000000756014000,0x0000000756080000)
  to   space 3584K, 0% used [0x0000000756080000,0x0000000756080000,0x0000000756400000)
 ParOldGen       total 503808K, used 495097K [0x0000000600000000, 0x000000061ec00000, 0x0000000755580000)
  object space 503808K, 98% used [0x0000000600000000,0x000000061e37e588,0x000000061ec00000)
 Metaspace       used 100483K, committed 101696K, reserved 1146880K
  class space    used 10973K, committed 11584K, reserved 1048576K
}
Event: 3353.726 GC heap after
{Heap after GC invocations=2167 (full 52):
 PSYoungGen      total 7680K, used 416K [0x0000000755580000, 0x0000000756100000, 0x0000000800000000)
  eden space 7168K, 0% used [0x0000000755580000,0x0000000755580000,0x0000000755c80000)
  from space 512K, 81% used [0x0000000756080000,0x00000007560e8000,0x0000000756100000)
  to   space 2048K, 0% used [0x0000000755d00000,0x0000000755d00000,0x0000000755f00000)
 ParOldGen       total 503808K, used 498929K [0x0000000600000000, 0x000000061ec00000, 0x0000000755580000)
  object space 503808K, 99% used [0x0000000600000000,0x000000061e73c588,0x000000061ec00000)
 Metaspace       used 100483K, committed 101696K, reserved 1146880K
  class space    used 10973K, committed 11584K, reserved 1048576K
}
Event: 3356.274 GC heap before
{Heap before GC invocations=2168 (full 52):
 PSYoungGen      total 7680K, used 7584K [0x0000000755580000, 0x0000000756100000, 0x0000000800000000)
  eden space 7168K, 100% used [0x0000000755580000,0x0000000755c80000,0x0000000755c80000)
  from space 512K, 81% used [0x0000000756080000,0x00000007560e8000,0x0000000756100000)
  to   space 2048K, 0% used [0x0000000755d00000,0x0000000755d00000,0x0000000755f00000)
 ParOldGen       total 503808K, used 498929K [0x0000000600000000, 0x000000061ec00000, 0x0000000755580000)
  object space 503808K, 99% used [0x0000000600000000,0x000000061e73c588,0x000000061ec00000)
 Metaspace       used 100483K, committed 101696K, reserved 1146880K
  class space    used 10973K, committed 11584K, reserved 1048576K
}
Event: 3356.282 GC heap after
{Heap after GC invocations=2168 (full 52):
 PSYoungGen      total 9216K, used 2038K [0x0000000755580000, 0x0000000756a80000, 0x0000000800000000)
  eden space 7168K, 0% used [0x0000000755580000,0x0000000755580000,0x0000000755c80000)
  from space 2048K, 99% used [0x0000000755d00000,0x0000000755efdbf0,0x0000000755f00000)
  to   space 7168K, 0% used [0x0000000756380000,0x0000000756380000,0x0000000756a80000)
 ParOldGen       total 503808K, used 502705K [0x0000000600000000, 0x000000061ec00000, 0x0000000755580000)
  object space 503808K, 99% used [0x0000000600000000,0x000000061eaec588,0x000000061ec00000)
 Metaspace       used 100483K, committed 101696K, reserved 1146880K
  class space    used 10973K, committed 11584K, reserved 1048576K
}
Event: 3356.282 GC heap before
{Heap before GC invocations=2169 (full 53):
 PSYoungGen      total 9216K, used 2038K [0x0000000755580000, 0x0000000756a80000, 0x0000000800000000)
  eden space 7168K, 0% used [0x0000000755580000,0x0000000755580000,0x0000000755c80000)
  from space 2048K, 99% used [0x0000000755d00000,0x0000000755efdbf0,0x0000000755f00000)
  to   space 7168K, 0% used [0x0000000756380000,0x0000000756380000,0x0000000756a80000)
 ParOldGen       total 503808K, used 502705K [0x0000000600000000, 0x000000061ec00000, 0x0000000755580000)
  object space 503808K, 99% used [0x0000000600000000,0x000000061eaec588,0x000000061ec00000)
 Metaspace       used 100483K, committed 101696K, reserved 1146880K
  class space    used 10973K, committed 11584K, reserved 1048576K
}
Event: 3356.812 GC heap after
{Heap after GC invocations=2169 (full 53):
 PSYoungGen      total 14336K, used 0K [0x0000000755580000, 0x0000000756a80000, 0x0000000800000000)
  eden space 7168K, 0% used [0x0000000755580000,0x0000000755580000,0x0000000755c80000)
  from space 7168K, 0% used [0x0000000756380000,0x0000000756380000,0x0000000756a80000)
  to   space 7168K, 0% used [0x0000000755c80000,0x0000000755c80000,0x0000000756380000)
 ParOldGen       total 502784K, used 436310K [0x0000000600000000, 0x000000061eb00000, 0x0000000755580000)
  object space 502784K, 86% used [0x0000000600000000,0x000000061aa15830,0x000000061eb00000)
 Metaspace       used 100483K, committed 101696K, reserved 1146880K
  class space    used 10973K, committed 11584K, reserved 1048576K
}
Event: 3369.883 GC heap before
{Heap before GC invocations=2170 (full 53):
 PSYoungGen      total 14336K, used 7154K [0x0000000755580000, 0x0000000756a80000, 0x0000000800000000)
  eden space 7168K, 99% used [0x0000000755580000,0x0000000755c7ca50,0x0000000755c80000)
  from space 7168K, 0% used [0x0000000756380000,0x0000000756380000,0x0000000756a80000)
  to   space 7168K, 0% used [0x0000000755c80000,0x0000000755c80000,0x0000000756380000)
 ParOldGen       total 502784K, used 436310K [0x0000000600000000, 0x000000061eb00000, 0x0000000755580000)
  object space 502784K, 86% used [0x0000000600000000,0x000000061aa15830,0x000000061eb00000)
 Metaspace       used 100483K, committed 101696K, reserved 1146880K
  class space    used 10973K, committed 11584K, reserved 1048576K
}
Event: 3369.889 GC heap after
{Heap after GC invocations=2170 (full 53):
 PSYoungGen      total 8704K, used 1312K [0x0000000755580000, 0x0000000756400000, 0x0000000800000000)
  eden space 7168K, 0% used [0x0000000755580000,0x0000000755580000,0x0000000755c80000)
  from space 1536K, 85% used [0x0000000755c80000,0x0000000755dc8000,0x0000000755e00000)
  to   space 3072K, 0% used [0x0000000756100000,0x0000000756100000,0x0000000756400000)
 ParOldGen       total 502784K, used 436310K [0x0000000600000000, 0x000000061eb00000, 0x0000000755580000)
  object space 502784K, 86% used [0x0000000600000000,0x000000061aa15830,0x000000061eb00000)
 Metaspace       used 100483K, committed 101696K, reserved 1146880K
  class space    used 10973K, committed 11584K, reserved 1048576K
}

