# JRE version: OpenJDK Runtime Environment Temurin-17.0.2+8 (17.0.2+8) (build 17.0.2+8)
# Java VM: OpenJDK 64-Bit Server VM Temurin-17.0.2+8 (17.0.2+8, mixed mode, tiered, compressed oops, compressed class ptrs, parallel gc, linux-amd64)
GC Precious Log:
 CPUs: 2 total, 2 available
 Memory: 3707M
 Large Page Support: Disabled
 NUMA Support: Disabled
 Compressed Oops: Enabled (Zero based)
 Alignments: Space 512K, Generation 512K, Heap 2M
 Heap Min Capacity: 100M
 Heap Initial Capacity: 100M
 Heap Max Capacity: 8G
 Pre-touch: Disabled
 Parallel Workers: 2
Heap:
 PSYoungGen      total 5632K, used 1697K [0x0000000755580000, 0x0000000755f00000, 0x0000000800000000)
  eden space 5120K, 31% used [0x0000000755580000,0x0000000755718798,0x0000000755a80000)
  from space 512K, 12% used [0x0000000755e00000,0x0000000755e10000,0x0000000755e80000)
  to   space 512K, 0% used [0x0000000755e80000,0x0000000755e80000,0x0000000755f00000)
 ParOldGen       total 397312K, used 389636K [0x0000000600000000, 0x0000000618400000, 0x0000000755580000)
  object space 397312K, 98% used [0x0000000600000000,0x0000000617c81110,0x0000000618400000)
 Metaspace       used 93807K, committed 94976K, reserved 1138688K
  class space    used 10707K, committed 11264K, reserved 1048576K
GC Heap History (20 events):
Event: 298.746 GC heap before
{Heap before GC invocations=230 (full 9):
 PSYoungGen      total 8192K, used 4032K [0x0000000755580000, 0x0000000756300000, 0x0000000800000000)
  eden space 2560K, 99% used [0x0000000755580000,0x00000007557ffff0,0x0000000755800000)
  from space 5632K, 26% used [0x0000000755a80000,0x0000000755bf0010,0x0000000756000000)
  to   space 2560K, 0% used [0x0000000756080000,0x0000000756080000,0x0000000756300000)
 ParOldGen       total 397312K, used 381662K [0x0000000600000000, 0x0000000618400000, 0x0000000755580000)
  object space 397312K, 96% used [0x0000000600000000,0x00000006174b7bf0,0x0000000618400000)
 Metaspace       used 93506K, committed 94720K, reserved 1138688K
  class space    used 10675K, committed 11264K, reserved 1048576K
}
Event: 298.751 GC heap after
{Heap after GC invocations=230 (full 9):
 PSYoungGen      total 3584K, used 400K [0x0000000755580000, 0x0000000756100000, 0x0000000800000000)
  eden space 3072K, 0% used [0x0000000755580000,0x0000000755580000,0x0000000755880000)
  from space 512K, 78% used [0x0000000756080000,0x00000007560e4010,0x0000000756100000)
  to   space 1024K, 0% used [0x0000000755f00000,0x0000000755f00000,0x0000000756000000)
 ParOldGen       total 397312K, used 382931K [0x0000000600000000, 0x0000000618400000, 0x0000000755580000)
  object space 397312K, 96% used [0x0000000600000000,0x00000006175f4c00,0x0000000618400000)
 Metaspace       used 93506K, committed 94720K, reserved 1138688K
  class space    used 10675K, committed 11264K, reserved 1048576K
}
Event: 298.768 GC heap before
{Heap before GC invocations=231 (full 9):
 PSYoungGen      total 3584K, used 3472K [0x0000000755580000, 0x0000000756100000, 0x0000000800000000)
  eden space 3072K, 100% used [0x0000000755580000,0x0000000755880000,0x0000000755880000)
  from space 512K, 78% used [0x0000000756080000,0x00000007560e4010,0x0000000756100000)
  to   space 1024K, 0% used [0x0000000755f00000,0x0000000755f00000,0x0000000756000000)
 ParOldGen       total 397312K, used 382931K [0x0000000600000000, 0x0000000618400000, 0x0000000755580000)
  object space 397312K, 96% used [0x0000000600000000,0x00000006175f4c00,0x0000000618400000)
 Metaspace       used 93507K, committed 94720K, reserved 1138688K
  class space    used 10675K, committed 11264K, reserved 1048576K
}
Event: 298.775 GC heap after
{Heap after GC invocations=231 (full 9):
 PSYoungGen      total 5120K, used 368K [0x0000000755580000, 0x0000000756100000, 0x0000000800000000)
  eden space 4096K, 0% used [0x0000000755580000,0x0000000755580000,0x0000000755980000)
  from space 1024K, 35% used [0x0000000755f00000,0x0000000755f5c010,0x0000000756000000)
  to   space 512K, 0% used [0x0000000756080000,0x0000000756080000,0x0000000756100000)
 ParOldGen       total 397312K, used 383003K [0x0000000600000000, 0x0000000618400000, 0x0000000755580000)
  object space 397312K, 96% used [0x0000000600000000,0x0000000617606c00,0x0000000618400000)
 Metaspace       used 93507K, committed 94720K, reserved 1138688K
  class space    used 10675K, committed 11264K, reserved 1048576K
}
Event: 303.985 GC heap before
{Heap before GC invocations=232 (full 9):
 PSYoungGen      total 5120K, used 4464K [0x0000000755580000, 0x0000000756100000, 0x0000000800000000)
  eden space 4096K, 99% used [0x0000000755580000,0x000000075597fff0,0x0000000755980000)
  from space 1024K, 35% used [0x0000000755f00000,0x0000000755f5c010,0x0000000756000000)
  to   space 512K, 0% used [0x0000000756080000,0x0000000756080000,0x0000000756100000)
 ParOldGen       total 397312K, used 383003K [0x0000000600000000, 0x0000000618400000, 0x0000000755580000)
  object space 397312K, 96% used [0x0000000600000000,0x0000000617606c00,0x0000000618400000)
 Metaspace       used 93531K, committed 94784K, reserved 1138688K
  class space    used 10678K, committed 11264K, reserved 1048576K
}
Event: 303.989 GC heap after
{Heap after GC invocations=232 (full 9):
 PSYoungGen      total 5632K, used 64K [0x0000000755580000, 0x0000000756100000, 0x0000000800000000)
  eden space 5120K, 0% used [0x0000000755580000,0x0000000755580000,0x0000000755a80000)
  from space 512K, 12% used [0x0000000756080000,0x0000000756090000,0x0000000756100000)
  to   space 512K, 0% used [0x0000000756000000,0x0000000756000000,0x0000000756080000)
 ParOldGen       total 397312K, used 383075K [0x0000000600000000, 0x0000000618400000, 0x0000000755580000)
  object space 397312K, 96% used [0x0000000600000000,0x0000000617618c00,0x0000000618400000)
 Metaspace       used 93531K, committed 94784K, reserved 1138688K
  class space    used 10678K, committed 11264K, reserved 1048576K
}
Event: 304.155 GC heap before
{Heap before GC invocations=233 (full 9):
 PSYoungGen      total 5632K, used 5183K [0x0000000755580000, 0x0000000756100000, 0x0000000800000000)
  eden space 5120K, 99% used [0x0000000755580000,0x0000000755a7ffc8,0x0000000755a80000)
  from space 512K, 12% used [0x0000000756080000,0x0000000756090000,0x0000000756100000)
  to   space 512K, 0% used [0x0000000756000000,0x0000000756000000,0x0000000756080000)
 ParOldGen       total 397312K, used 383075K [0x0000000600000000, 0x0000000618400000, 0x0000000755580000)
  object space 397312K, 96% used [0x0000000600000000,0x0000000617618c00,0x0000000618400000)
 Metaspace       used 93536K, committed 94784K, reserved 1138688K
  class space    used 10679K, committed 11264K, reserved 1048576K
}
Event: 304.158 GC heap after
{Heap after GC invocations=233 (full 9):
 PSYoungGen      total 6656K, used 96K [0x0000000755580000, 0x0000000756100000, 0x0000000800000000)
  eden space 6144K, 0% used [0x0000000755580000,0x0000000755580000,0x0000000755b80000)
  from space 512K, 18% used [0x0000000756000000,0x0000000756018000,0x0000000756080000)
  to   space 512K, 0% used [0x0000000756080000,0x0000000756080000,0x0000000756100000)
 ParOldGen       total 397312K, used 383091K [0x0000000600000000, 0x0000000618400000, 0x0000000755580000)
  object space 397312K, 96% used [0x0000000600000000,0x000000061761cc00,0x0000000618400000)
 Metaspace       used 93536K, committed 94784K, reserved 1138688K
  class space    used 10679K, committed 11264K, reserved 1048576K
}
Event: 307.949 GC heap before
{Heap before GC invocations=234 (full 9):
 PSYoungGen      total 6656K, used 6240K [0x0000000755580000, 0x0000000756100000, 0x0000000800000000)
  eden space 6144K, 100% used [0x0000000755580000,0x0000000755b80000,0x0000000755b80000)
  from space 512K, 18% used [0x0000000756000000,0x0000000756018000,0x0000000756080000)
  to   space 512K, 0% used [0x0000000756080000,0x0000000756080000,0x0000000756100000)
 ParOldGen       total 397312K, used 383091K [0x0000000600000000, 0x0000000618400000, 0x0000000755580000)
  object space 397312K, 96% used [0x0000000600000000,0x000000061761cc00,0x0000000618400000)
 Metaspace       used 93546K, committed 94784K, reserved 1138688K
  class space    used 10680K, committed 11264K, reserved 1048576K
}
Event: 307.953 GC heap after
{Heap after GC invocations=234 (full 9):
 PSYoungGen      total 6656K, used 512K [0x0000000755580000, 0x0000000756100000, 0x0000000800000000)
  eden space 6144K, 0% used [0x0000000755580000,0x0000000755580000,0x0000000755b80000)
  from space 512K, 100% used [0x0000000756080000,0x0000000756100000,0x0000000756100000)
  to   space 1024K, 0% used [0x0000000755f00000,0x0000000755f00000,0x0000000756000000)
 ParOldGen       total 397312K, used 383227K [0x0000000600000000, 0x0000000618400000, 0x0000000755580000)
  object space 397312K, 96% used [0x0000000600000000,0x000000061763ec00,0x0000000618400000)
 Metaspace       used 93546K, committed 94784K, reserved 1138688K
  class space    used 10680K, committed 11264K, reserved 1048576K
}
Event: 315.200 GC heap before
{Heap before GC invocations=235 (full 9):
 PSYoungGen      total 6656K, used 6649K [0x0000000755580000, 0x0000000756100000, 0x0000000800000000)
  eden space 6144K, 99% used [0x0000000755580000,0x0000000755b7e4c0,0x0000000755b80000)
  from space 512K, 100% used [0x0000000756080000,0x0000000756100000,0x0000000756100000)
  to   space 1024K, 0% used [0x0000000755f00000,0x0000000755f00000,0x0000000756000000)
 ParOldGen       total 397312K, used 383227K [0x0000000600000000, 0x0000000618400000, 0x0000000755580000)
  object space 397312K, 96% used [0x0000000600000000,0x000000061763ec00,0x0000000618400000)
 Metaspace       used 93548K, committed 94784K, reserved 1138688K
  class space    used 10680K, committed 11264K, reserved 1048576K
}
Event: 315.210 GC heap after
{Heap after GC invocations=235 (full 9):
 PSYoungGen      total 7168K, used 128K [0x0000000755580000, 0x0000000756100000, 0x0000000800000000)
  eden space 6144K, 0% used [0x0000000755580000,0x0000000755580000,0x0000000755b80000)
  from space 1024K, 12% used [0x0000000755f00000,0x0000000755f20000,0x0000000756000000)
  to   space 512K, 0% used [0x0000000756080000,0x0000000756080000,0x0000000756100000)
 ParOldGen       total 397312K, used 383685K [0x0000000600000000, 0x0000000618400000, 0x0000000755580000)
  object space 397312K, 96% used [0x0000000600000000,0x00000006176b1520,0x0000000618400000)
 Metaspace       used 93548K, committed 94784K, reserved 1138688K
  class space    used 10680K, committed 11264K, reserved 1048576K
}
Event: 315.226 GC heap before
{Heap before GC invocations=236 (full 9):
 PSYoungGen      total 7168K, used 6272K [0x0000000755580000, 0x0000000756100000, 0x0000000800000000)
  eden space 6144K, 100% used [0x0000000755580000,0x0000000755b80000,0x0000000755b80000)
  from space 1024K, 12% used [0x0000000755f00000,0x0000000755f20000,0x0000000756000000)
  to   space 512K, 0% used [0x0000000756080000,0x0000000756080000,0x0000000756100000)
 ParOldGen       total 397312K, used 383685K [0x0000000600000000, 0x0000000618400000, 0x0000000755580000)
  object space 397312K, 96% used [0x0000000600000000,0x00000006176b1520,0x0000000618400000)
 Metaspace       used 93548K, committed 94784K, reserved 1138688K
  class space    used 10680K, committed 11264K, reserved 1048576K
}
Event: 315.236 GC heap after
{Heap after GC invocations=236 (full 9):
 PSYoungGen      total 4608K, used 483K [0x0000000755580000, 0x0000000756a80000, 0x0000000800000000)
  eden space 4096K, 0% used [0x0000000755580000,0x0000000755580000,0x0000000755980000)
  from space 512K, 94% used [0x0000000756080000,0x00000007560f8df0,0x0000000756100000)
  to   space 7168K, 0% used [0x0000000755980000,0x0000000755980000,0x0000000756080000)
 ParOldGen       total 397312K, used 389216K [0x0000000600000000, 0x0000000618400000, 0x0000000755580000)
  object space 397312K, 97% used [0x0000000600000000,0x0000000617c18310,0x0000000618400000)
 Metaspace       used 93548K, committed 94784K, reserved 1138688K
  class space    used 10680K, committed 11264K, reserved 1048576K
}
Event: 315.913 GC heap before
{Heap before GC invocations=237 (full 9):
 PSYoungGen      total 4608K, used 4579K [0x0000000755580000, 0x0000000756a80000, 0x0000000800000000)
  eden space 4096K, 100% used [0x0000000755580000,0x0000000755980000,0x0000000755980000)
  from space 512K, 94% used [0x0000000756080000,0x00000007560f8df0,0x0000000756100000)
  to   space 7168K, 0% used [0x0000000755980000,0x0000000755980000,0x0000000756080000)
 ParOldGen       total 397312K, used 389216K [0x0000000600000000, 0x0000000618400000, 0x0000000755580000)
  object space 397312K, 97% used [0x0000000600000000,0x0000000617c18310,0x0000000618400000)
 Metaspace       used 93549K, committed 94784K, reserved 1138688K
  class space    used 10680K, committed 11264K, reserved 1048576K
}
Event: 315.917 GC heap after
{Heap after GC invocations=237 (full 9):
 PSYoungGen      total 4608K, used 96K [0x0000000755580000, 0x0000000756100000, 0x0000000800000000)
  eden space 4096K, 0% used [0x0000000755580000,0x0000000755580000,0x0000000755980000)
  from space 512K, 18% used [0x0000000755980000,0x0000000755998000,0x0000000755a00000)
  to   space 2560K, 0% used [0x0000000755e80000,0x0000000755e80000,0x0000000756100000)
 ParOldGen       total 397312K, used 389596K [0x0000000600000000, 0x0000000618400000, 0x0000000755580000)
  object space 397312K, 98% used [0x0000000600000000,0x0000000617c77100,0x0000000618400000)
 Metaspace       used 93549K, committed 94784K, reserved 1138688K
  class space    used 10680K, committed 11264K, reserved 1048576K
}
Event: 315.932 GC heap before
{Heap before GC invocations=238 (full 9):
 PSYoungGen      total 4608K, used 4191K [0x0000000755580000, 0x0000000756100000, 0x0000000800000000)
  eden space 4096K, 99% used [0x0000000755580000,0x000000075597fff8,0x0000000755980000)
  from space 512K, 18% used [0x0000000755980000,0x0000000755998000,0x0000000755a00000)
  to   space 2560K, 0% used [0x0000000755e80000,0x0000000755e80000,0x0000000756100000)
 ParOldGen       total 397312K, used 389596K [0x0000000600000000, 0x0000000618400000, 0x0000000755580000)
  object space 397312K, 98% used [0x0000000600000000,0x0000000617c77100,0x0000000618400000)
 Metaspace       used 93553K, committed 94784K, reserved 1138688K
  class space    used 10680K, committed 11264K, reserved 1048576K
}
Event: 315.935 GC heap after
{Heap after GC invocations=238 (full 9):
 PSYoungGen      total 5632K, used 64K [0x0000000755580000, 0x0000000755f00000, 0x0000000800000000)
  eden space 5120K, 0% used [0x0000000755580000,0x0000000755580000,0x0000000755a80000)
  from space 512K, 12% used [0x0000000755e80000,0x0000000755e90000,0x0000000755f00000)
  to   space 512K, 0% used [0x0000000755e00000,0x0000000755e00000,0x0000000755e80000)
 ParOldGen       total 397312K, used 389628K [0x0000000600000000, 0x0000000618400000, 0x0000000755580000)
  object space 397312K, 98% used [0x0000000600000000,0x0000000617c7f110,0x0000000618400000)
 Metaspace       used 93553K, committed 94784K, reserved 1138688K
  class space    used 10680K, committed 11264K, reserved 1048576K
}
Event: 317.383 GC heap before
{Heap before GC invocations=239 (full 9):
 PSYoungGen      total 5632K, used 5183K [0x0000000755580000, 0x0000000755f00000, 0x0000000800000000)
  eden space 5120K, 99% used [0x0000000755580000,0x0000000755a7fd60,0x0000000755a80000)
  from space 512K, 12% used [0x0000000755e80000,0x0000000755e90000,0x0000000755f00000)
  to   space 512K, 0% used [0x0000000755e00000,0x0000000755e00000,0x0000000755e80000)
 ParOldGen       total 397312K, used 389628K [0x0000000600000000, 0x0000000618400000, 0x0000000755580000)
  object space 397312K, 98% used [0x0000000600000000,0x0000000617c7f110,0x0000000618400000)
 Metaspace       used 93605K, committed 94784K, reserved 1138688K
  class space    used 10682K, committed 11264K, reserved 1048576K
}
Event: 317.387 GC heap after
{Heap after GC invocations=239 (full 9):
 PSYoungGen      total 5632K, used 64K [0x0000000755580000, 0x0000000755f00000, 0x0000000800000000)
  eden space 5120K, 0% used [0x0000000755580000,0x0000000755580000,0x0000000755a80000)
  from space 512K, 12% used [0x0000000755e00000,0x0000000755e10000,0x0000000755e80000)
  to   space 512K, 0% used [0x0000000755e80000,0x0000000755e80000,0x0000000755f00000)
 ParOldGen       total 397312K, used 389636K [0x0000000600000000, 0x0000000618400000, 0x0000000755580000)
  object space 397312K, 98% used [0x0000000600000000,0x0000000617c81110,0x0000000618400000)
 Metaspace       used 93605K, committed 94784K, reserved 1138688K
  class space    used 10682K, committed 11264K, reserved 1048576K
}

